<?xml version="1.0" encoding="UTF-8"?>
<!-- Generated by org.testng.reporters.JUnitReportReporter -->
<testsuite skipped="0" hostname="HW0466" name="com.tests.LoginToKhanAcademy" tests="3" failures="0" timestamp="10 Apr 2018 16:08:55 GMT" time="192.595" errors="0">
  <testcase name="loginWithAcademyCredentials" time="39.458" classname="com.tests.LoginToKhanAcademy"/>
  <testcase name="loginWithFBCredentials" time="117.484" classname="com.tests.LoginToKhanAcademy"/>
  <testcase name="blankLogin" time="35.653" classname="com.tests.LoginToKhanAcademy"/>
</testsuite> <!-- com.tests.LoginToKhanAcademy -->
